<?xml version="1.0" encoding="UTF-8"?>
<!-- Generated by org.testng.reporters.JUnitReportReporter -->
<testsuite hostname="DESKTOP-82N9P3L" failures="0" tests="1" name="TestCases.APITest" time="2.191" errors="0" timestamp="2021-04-25T20:50:36 IST" skipped="0">
  <testcase classname="TestCases.APITest" name="test" time="2.191"/>
  <system-out/>
</testsuite> <!-- TestCases.APITest -->
